<?xml version="1.0" encoding="UTF-8"?>
<!-- Generated by org.testng.reporters.JUnitReportReporter -->
<testsuite skipped="0" hostname="LAPTOP-1E6IT8BI" name="Test.emulator" tests="7" failures="0" timestamp="2020-10-04T06:51:23 EDT" time="73.289" errors="0">
  <testcase name="openAppTest" time="8.038" classname="Test.emulator"/>
  <system-out/>
  <testcase name="registrationPageTest" time="22.462" classname="Test.emulator"/>
  <system-out/>
  <testcase name="alreadyHaveAnAccountPageTest" time="11.597" classname="Test.emulator"/>
  <system-out/>
  <testcase name="profileTest" time="11.746" classname="Test.emulator"/>
  <system-out/>
  <testcase name="timelineTest" time="7.119" classname="Test.emulator"/>
  <system-out/>
  <testcase name="parkingLocations" time="9.113" classname="Test.emulator"/>
  <system-out/>
  <testcase name="settingsTest" time="3.214" classname="Test.emulator"/>
  <system-out/>
</testsuite> <!-- Test.emulator -->
