<?xml version="1.0" encoding="UTF-8"?>
<!-- Generated by org.testng.reporters.JUnitReportReporter -->
<testsuite skipped="0" hostname="LAPTOP-1E6IT8BI" name="Journeys.TechnicalAssesment.emulator" tests="7" failures="0" timestamp="2020-10-04T10:31:04 EDT" time="74.370" errors="0">
  <testcase name="openAppTest" time="9.880" classname="Journeys.TechnicalAssesment.emulator"/>
  <system-out/>
  <testcase name="registrationPageTest" time="21.878" classname="Journeys.TechnicalAssesment.emulator"/>
  <system-out/>
  <testcase name="alreadyHaveAnAccountPageTest" time="10.250" classname="Journeys.TechnicalAssesment.emulator"/>
  <system-out/>
  <testcase name="profileTest" time="13.052" classname="Journeys.TechnicalAssesment.emulator"/>
  <system-out/>
  <testcase name="timelineTest" time="7.128" classname="Journeys.TechnicalAssesment.emulator"/>
  <system-out/>
  <testcase name="parkingLocations" time="8.994" classname="Journeys.TechnicalAssesment.emulator"/>
  <system-out/>
  <testcase name="settingsTest" time="3.188" classname="Journeys.TechnicalAssesment.emulator"/>
  <system-out/>
</testsuite> <!-- Journeys.TechnicalAssesment.emulator -->
